<?xml version="1.0" encoding="UTF-8"?>
<!-- Generated by org.testng.reporters.JUnitReportReporter -->
<testsuite hostname="Abhijith" failures="0" tests="1" name="assertion.DemoLogin" time="6.156" errors="0" timestamp="2023-12-12T10:33:41 IST" skipped="0">
  <testcase classname="assertion.DemoLogin" name="login" time="6.156">
    <system-out>
      <![CDATA[user failed to login]]>
    </system-out>
  </testcase> <!-- login -->
  <system-out>
    <![CDATA[user failed to login]]>
  </system-out>
</testsuite> <!-- assertion.DemoLogin -->
