<?xml version="1.0" encoding="UTF-8"?>
<!-- Generated by org.testng.reporters.JUnitReportReporter -->
<testsuite hostname="Abhijith" failures="0" tests="2" name="dataprovider.LoginTest" time="13.406" errors="0" timestamp="2023-12-12T09:59:57 IST" skipped="0">
  <testcase classname="dataprovider.LoginTest" name="login" time="5.169"/>
  <testcase classname="dataprovider.LoginTest" name="login" time="8.237"/>
</testsuite> <!-- dataprovider.LoginTest -->
