<?xml version="1.0" encoding="UTF-8"?>
<!-- Generated by org.testng.reporters.JUnitReportReporter -->
<testsuite hostname="Abhijith" failures="0" tests="5" name="testng.AnnotationAttributes" time="18.409" errors="0" timestamp="2023-12-11T10:42:40 IST" skipped="0">
  <testcase classname="testng.AnnotationAttributes" name="login" time="3.913">
    <system-out>
      <![CDATA[User logged in successfully....]]>
    </system-out>
  </testcase> <!-- login -->
  <testcase classname="testng.AnnotationAttributes" name="login" time="3.286">
    <system-out>
      <![CDATA[User logged in successfully....]]>
    </system-out>
  </testcase> <!-- login -->
  <testcase classname="testng.AnnotationAttributes" name="login" time="4.051">
    <system-out>
      <![CDATA[User logged in successfully....]]>
    </system-out>
  </testcase> <!-- login -->
  <testcase classname="testng.AnnotationAttributes" name="login" time="3.558">
    <system-out>
      <![CDATA[User logged in successfully....]]>
    </system-out>
  </testcase> <!-- login -->
  <testcase classname="testng.AnnotationAttributes" name="login" time="3.601">
    <system-out>
      <![CDATA[User logged in successfully....]]>
    </system-out>
  </testcase> <!-- login -->
  <system-out>
    <![CDATA[User logged in successfully....
User logged in successfully....
User logged in successfully....
User logged in successfully....
User logged in successfully....]]>
  </system-out>
</testsuite> <!-- testng.AnnotationAttributes -->
