<?xml version="1.0" encoding="UTF-8"?>
<!-- Generated by org.testng.reporters.JUnitReportReporter -->
<testsuite hostname="Abhijith" failures="0" tests="3" name="testng.CrossBrowserTest" time="20.994" errors="0" timestamp="2023-12-12T12:46:30 IST" skipped="0">
  <testcase classname="testng.CrossBrowserTest" name="demo" time="6.386"/>
  <testcase classname="testng.CrossBrowserTest" name="demo" time="9.966"/>
  <testcase classname="testng.CrossBrowserTest" name="demo" time="4.642"/>
</testsuite> <!-- testng.CrossBrowserTest -->
