<?xml version="1.0" encoding="UTF-8"?>
<!-- Generated by org.testng.reporters.JUnitReportReporter -->
<testsuite hostname="Abhijith" failures="0" tests="3" name="testng.Demo" time="0.009" errors="0" timestamp="2023-12-11T11:57:28 IST" skipped="0">
  <testcase classname="testng.Demo" name="add" time="0.002">
    <system-out>
      <![CDATA[add method executed....]]>
    </system-out>
  </testcase> <!-- add -->
  <testcase classname="testng.Demo" name="delete" time="0.003">
    <system-out>
      <![CDATA[delete method executed....]]>
    </system-out>
  </testcase> <!-- delete -->
  <testcase classname="testng.Demo" name="remove" time="0.004">
    <system-out>
      <![CDATA[remove method executed........]]>
    </system-out>
  </testcase> <!-- remove -->
  <system-out>
    <![CDATA[Navigated to amazon...
Navigated to apple...
Navigated to wipro...
add method executed....
delete method executed....
remove method executed........]]>
  </system-out>
</testsuite> <!-- testng.Demo -->
