<?xml version="1.0" encoding="UTF-8"?>
<!-- Generated by org.testng.reporters.JUnitReportReporter -->
<testsuite hostname="Abhijith" failures="0" tests="1" name="testng.Wipro" time="5.269" errors="0" timestamp="2023-12-11T12:10:16 IST" skipped="0">
  <testcase classname="testng.Wipro" name="launchWipro" time="5.269">
    <system-out>
      <![CDATA[Navigated to wipro...]]>
    </system-out>
  </testcase> <!-- launchWipro -->
  <system-out>
    <![CDATA[Navigated to wipro...]]>
  </system-out>
</testsuite> <!-- testng.Wipro -->
