<?xml version="1.0" encoding="UTF-8"?>
<!-- Generated by org.testng.reporters.JUnitReportReporter -->
<testsuite hostname="Abhijith" failures="0" tests="1" name="testng.Apple" time="2.745" errors="0" timestamp="2023-12-11T12:20:06 IST" skipped="0">
  <testcase classname="testng.Apple" name="launchApple" time="2.745">
    <system-out>
      <![CDATA[Navigated to apple...]]>
    </system-out>
  </testcase> <!-- launchApple -->
  <system-out>
    <![CDATA[Navigated to amazon...
Navigated to apple...]]>
  </system-out>
</testsuite> <!-- testng.Apple -->
