<?xml version="1.0" encoding="UTF-8"?>
<!-- Generated by org.testng.reporters.JUnitReportReporter -->
<testsuite hostname="Abhijith" failures="0" tests="1" name="testng.Amazon" time="3.247" errors="0" timestamp="2023-12-11T12:20:06 IST" skipped="0">
  <testcase classname="testng.Amazon" name="launchAmazon" time="3.247">
    <system-out>
      <![CDATA[Navigated to amazon...]]>
    </system-out>
  </testcase> <!-- launchAmazon -->
  <system-out>
    <![CDATA[Navigated to amazon...
Navigated to apple...]]>
  </system-out>
</testsuite> <!-- testng.Amazon -->
