<?xml version="1.0" encoding="UTF-8"?>
<!-- Generated by org.testng.reporters.JUnitReportReporter -->
<testsuite hostname="Abhijith" failures="0" tests="2" name="testng.ConfigurationAnnotations" time="0.015" errors="0" timestamp="2023-12-11T12:59:14 IST" skipped="0">
  <testcase classname="testng.ConfigurationAnnotations" name="demoTest" time="0.009">
    <system-out>
      <![CDATA[@Test (Demo test executed...)]]>
    </system-out>
  </testcase> <!-- demoTest -->
  <testcase classname="testng.ConfigurationAnnotations" name="sampleTest" time="0.006">
    <system-out>
      <![CDATA[@Test (sample test executed...)]]>
    </system-out>
  </testcase> <!-- sampleTest -->
  <system-out>
    <![CDATA[establish DB connection and report config
@BeforeTest
open browser and navigate to url
login
@Test (Demo test executed...)
logout
login
@Test (sample test executed...)
logout
Close browser
@AfterTest
Close DB connection and flush all reports]]>
  </system-out>
</testsuite> <!-- testng.ConfigurationAnnotations -->
