<?xml version="1.0" encoding="UTF-8"?>
<!-- Generated by org.testng.reporters.JUnitReportReporter -->
<testsuite hostname="Abhijith" failures="0" tests="1" name="testng.TC_DWS_001" time="5.423" errors="0" timestamp="2023-12-11T13:24:22 IST" skipped="0">
  <testcase classname="testng.TC_DWS_001" name="addProductToCart" time="5.423">
    <system-out>
      <![CDATA[Product added to cart successfully...!!]]>
    </system-out>
  </testcase> <!-- addProductToCart -->
  <system-out>
    <![CDATA[open browser and navigate to url
login
Product added to cart successfully...!!
logout
Close browser]]>
  </system-out>
</testsuite> <!-- testng.TC_DWS_001 -->
