<?xml version="1.0" encoding="UTF-8"?>
<!-- Generated by org.testng.reporters.JUnitReportReporter -->
<testsuite hostname="Abhijith" failures="0" tests="2" name="testng.DependsOnMethods" time="7.052" errors="0" timestamp="2023-12-11T10:58:07 IST" skipped="0">
  <testcase classname="testng.DependsOnMethods" name="register" time="4.137">
    <system-out>
      <![CDATA[User registered successfully....]]>
    </system-out>
  </testcase> <!-- register -->
  <testcase classname="testng.DependsOnMethods" name="login" time="2.915">
    <system-out>
      <![CDATA[User logged in successfully....]]>
    </system-out>
  </testcase> <!-- login -->
  <system-out>
    <![CDATA[User registered successfully....
User logged in successfully....]]>
  </system-out>
</testsuite> <!-- testng.DependsOnMethods -->
